<?xml version="1.0" encoding="UTF-8"?>
<testng-results ignored="0" total="2" passed="1" failed="1" skipped="0">
  <reporter-output>
  </reporter-output>
  <suite started-at="2024-12-02T20:29:53 IST" name="Suite" finished-at="2024-12-02T20:31:00 IST" duration-ms="67565">
    <groups>
      <group name="Master">
        <method signature="TC002_verifyNumberOfCenters.verify_center()[pri:0, instance:testCases.TC002_verifyNumberOfCenters@65c7a252]" name="verify_center" class="testCases.TC002_verifyNumberOfCenters"/>
      </group> <!-- Master -->
      <group name="Sanity">
        <method signature="TC001_searchText.verify_search_result()[pri:0, instance:testCases.TC001_searchText@25641d39]" name="verify_search_result" class="testCases.TC001_searchText"/>
        <method signature="TC002_verifyNumberOfCenters.verify_center()[pri:0, instance:testCases.TC002_verifyNumberOfCenters@65c7a252]" name="verify_center" class="testCases.TC002_verifyNumberOfCenters"/>
      </group> <!-- Sanity -->
    </groups>
    <test started-at="2024-12-02T20:29:53 IST" name="Test" finished-at="2024-12-02T20:31:00 IST" duration-ms="67565">
      <class name="testCases.TC002_verifyNumberOfCenters">
        <test-method is-config="true" signature="setup(java.lang.String)[pri:0, instance:testCases.TC002_verifyNumberOfCenters@65c7a252]" started-at="2024-12-02T20:30:34 IST" name="setup" finished-at="2024-12-02T20:30:47 IST" duration-ms="12885" status="PASS">
          <params>
            <param index="0">
              <value>
                <![CDATA[Chrome]]>
              </value>
            </param>
          </params>
          <reporter-output>
          </reporter-output>
        </test-method> <!-- setup -->
        <test-method signature="verify_center()[pri:0, instance:testCases.TC002_verifyNumberOfCenters@65c7a252]" started-at="2024-12-02T20:30:47 IST" name="verify_center" finished-at="2024-12-02T20:31:00 IST" duration-ms="12547" status="FAIL">
          <exception class="java.lang.AssertionError">
            <message>
              <![CDATA[null]]>
            </message>
            <full-stacktrace>
              <![CDATA[java.lang.AssertionError: null
at org.testng.Assert.fail(Assert.java:111)
at org.testng.Assert.fail(Assert.java:116)
at testCases.TC002_verifyNumberOfCenters.verify_center(TC002_verifyNumberOfCenters.java:76)
at java.base/jdk.internal.reflect.NativeMethodAccessorImpl.invoke0(Native Method)
at java.base/jdk.internal.reflect.NativeMethodAccessorImpl.invoke(NativeMethodAccessorImpl.java:77)
at java.base/jdk.internal.reflect.DelegatingMethodAccessorImpl.invoke(DelegatingMethodAccessorImpl.java:43)
at java.base/java.lang.reflect.Method.invoke(Method.java:568)
at org.testng.internal.invokers.MethodInvocationHelper.invokeMethod(MethodInvocationHelper.java:141)
at org.testng.internal.invokers.TestInvoker.invokeMethod(TestInvoker.java:686)
at org.testng.internal.invokers.TestInvoker.invokeTestMethod(TestInvoker.java:230)
at org.testng.internal.invokers.MethodRunner.runInSequence(MethodRunner.java:63)
at org.testng.internal.invokers.TestInvoker$MethodInvocationAgent.invoke(TestInvoker.java:992)
at org.testng.internal.invokers.TestInvoker.invokeTestMethods(TestInvoker.java:203)
at org.testng.internal.invokers.TestMethodWorker.invokeTestMethods(TestMethodWorker.java:154)
at org.testng.internal.invokers.TestMethodWorker.run(TestMethodWorker.java:134)
at java.base/java.util.ArrayList.forEach(ArrayList.java:1511)
at org.testng.TestRunner.privateRun(TestRunner.java:739)
at org.testng.TestRunner.run(TestRunner.java:614)
at org.testng.SuiteRunner.runTest(SuiteRunner.java:421)
at org.testng.SuiteRunner.runSequentially(SuiteRunner.java:413)
at org.testng.SuiteRunner.privateRun(SuiteRunner.java:373)
at org.testng.SuiteRunner.run(SuiteRunner.java:312)
at org.testng.SuiteRunnerWorker.runSuite(SuiteRunnerWorker.java:52)
at org.testng.SuiteRunnerWorker.run(SuiteRunnerWorker.java:95)
at org.testng.TestNG.runSuitesSequentially(TestNG.java:1274)
at org.testng.TestNG.runSuitesLocally(TestNG.java:1208)
at org.testng.TestNG.runSuites(TestNG.java:1112)
at org.testng.TestNG.run(TestNG.java:1079)
at org.apache.maven.surefire.testng.TestNGExecutor.run(TestNGExecutor.java:308)
at org.apache.maven.surefire.testng.TestNGXmlTestSuite.execute(TestNGXmlTestSuite.java:71)
at org.apache.maven.surefire.testng.TestNGProvider.invoke(TestNGProvider.java:113)
at org.apache.maven.surefire.booter.ForkedBooter.runSuitesInProcess(ForkedBooter.java:385)
at org.apache.maven.surefire.booter.ForkedBooter.execute(ForkedBooter.java:162)
at org.apache.maven.surefire.booter.ForkedBooter.run(ForkedBooter.java:507)
at org.apache.maven.surefire.booter.ForkedBooter.main(ForkedBooter.java:495)
]]>
            </full-stacktrace>
          </exception> <!-- java.lang.AssertionError -->
          <reporter-output>
          </reporter-output>
        </test-method> <!-- verify_center -->
        <test-method is-config="true" signature="tearDown()[pri:0, instance:testCases.TC002_verifyNumberOfCenters@65c7a252]" started-at="2024-12-02T20:31:00 IST" name="tearDown" finished-at="2024-12-02T20:31:00 IST" duration-ms="314" status="PASS">
          <reporter-output>
          </reporter-output>
        </test-method> <!-- tearDown -->
      </class> <!-- testCases.TC002_verifyNumberOfCenters -->
      <class name="testCases.TC001_searchText">
        <test-method is-config="true" signature="setup(java.lang.String)[pri:0, instance:testCases.TC001_searchText@25641d39]" started-at="2024-12-02T20:29:53 IST" name="setup" finished-at="2024-12-02T20:30:23 IST" duration-ms="30112" status="PASS">
          <params>
            <param index="0">
              <value>
                <![CDATA[Chrome]]>
              </value>
            </param>
          </params>
          <reporter-output>
          </reporter-output>
        </test-method> <!-- setup -->
        <test-method signature="verify_search_result()[pri:0, instance:testCases.TC001_searchText@25641d39]" started-at="2024-12-02T20:30:23 IST" name="verify_search_result" finished-at="2024-12-02T20:30:34 IST" duration-ms="10855" status="PASS">
          <reporter-output>
          </reporter-output>
        </test-method> <!-- verify_search_result -->
        <test-method is-config="true" signature="tearDown()[pri:0, instance:testCases.TC001_searchText@25641d39]" started-at="2024-12-02T20:30:34 IST" name="tearDown" finished-at="2024-12-02T20:30:34 IST" duration-ms="252" status="PASS">
          <reporter-output>
          </reporter-output>
        </test-method> <!-- tearDown -->
      </class> <!-- testCases.TC001_searchText -->
    </test> <!-- Test -->
  </suite> <!-- Suite -->
</testng-results>
